<?xml version="1.0" encoding="UTF-8"?>
<!-- Generated by org.testng.reporters.JUnitReportReporter -->
<testsuite hostname="e121" name="june22_parameters.Flip_Actions" tests="1" failures="0" timestamp="23 Jun 2016 07:06:32 GMT" time="10.285" errors="0">
  <testcase name="Mouse" time="10.285" classname="june22_parameters.Flip_Actions"/>
</testsuite> <!-- june22_parameters.Flip_Actions -->
