<?xml version="1.0" encoding="UTF-8"?>
<!-- Generated by org.testng.reporters.JUnitReportReporter -->
<testsuite hostname="e121" name="june_28.Login_HRM" tests="1" failures="0" timestamp="28 Jun 2016 06:37:59 GMT" time="42.204" errors="0">
  <testcase name="Orange_Login" time="42.204" classname="june_28.Login_HRM"/>
</testsuite> <!-- june_28.Login_HRM -->
