<?xml version="1.0" encoding="UTF-8"?>
<!-- Generated by org.testng.reporters.JUnitReportReporter -->
<testsuite hostname="e121" name="june22_parameters.Face_Book" tests="1" failures="0" timestamp="7 Jul 2016 05:56:22 GMT" time="5.914" errors="0">
  <testcase name="Account" time="5.914" classname="june22_parameters.Face_Book"/>
</testsuite> <!-- june22_parameters.Face_Book -->
