<?xml version="1.0" encoding="UTF-8"?>
<!-- Generated by org.testng.reporters.JUnitReportReporter -->
<testsuite hostname="e121" name="june22_parameters.RightClick" tests="1" failures="0" timestamp="24 Jun 2016 06:02:31 GMT" time="6.106" errors="0">
  <testcase name="Gmail_Rightclick" time="6.106" classname="june22_parameters.RightClick"/>
</testsuite> <!-- june22_parameters.RightClick -->
