<?xml version="1.0" encoding="UTF-8"?>
<!-- Generated by org.testng.reporters.JUnitReportReporter -->
<testsuite hostname="e121" name="june22_parameters.Face_BookPara" tests="1" failures="0" timestamp="24 Jun 2016 07:47:04 GMT" time="26.909" errors="0">
  <testcase name="login" time="26.909" classname="june22_parameters.Face_BookPara"/>
</testsuite> <!-- june22_parameters.Face_BookPara -->
