<?xml version="1.0" encoding="UTF-8"?>
<!-- Generated by org.testng.reporters.JUnitReportReporter -->
<testsuite hostname="e121" name="june22_parameters.DragAndDrop_Actions" tests="1" failures="0" timestamp="23 Jun 2016 07:46:21 GMT" time="8.114" errors="0">
  <testcase name="test" time="8.114" classname="june22_parameters.DragAndDrop_Actions"/>
</testsuite> <!-- june22_parameters.DragAndDrop_Actions -->
