<?xml version="1.0" encoding="UTF-8"?>
<!-- Generated by org.testng.reporters.JUnitReportReporter -->
<testsuite hostname="e121" name="june22_parameters.Hrm" tests="1" failures="0" timestamp="22 Jun 2016 11:48:01 GMT" time="21.166" errors="0">
  <testcase name="user_Creation" time="21.166" classname="june22_parameters.Hrm"/>
</testsuite> <!-- june22_parameters.Hrm -->
