<?xml version="1.0" encoding="UTF-8"?>
<!-- Generated by org.testng.reporters.JUnitReportReporter -->
<testsuite hostname="e121" name="june22_parameters.Hrm_USer" tests="1" failures="0" timestamp="23 Jun 2016 07:38:52 GMT" time="28.016" errors="0">
  <testcase name="Login" time="28.016" classname="june22_parameters.Hrm_USer"/>
</testsuite> <!-- june22_parameters.Hrm_USer -->
