<?xml version="1.0" encoding="UTF-8"?>
<!-- Generated by org.testng.reporters.JUnitReportReporter -->
<testsuite hostname="e121" name="june_27.login" tests="1" failures="0" timestamp="27 Jun 2016 06:34:36 GMT" time="52.899" errors="0">
  <testcase name="f" time="52.899" classname="june_27.login"/>
</testsuite> <!-- june_27.login -->
