<?xml version="1.0" encoding="UTF-8"?>
<!-- Generated by org.testng.reporters.JUnitReportReporter -->
<testsuite hostname="e121" name="june22_parameters.CaptureScreenShotUsingWebDriver" tests="1" failures="0" timestamp="23 Jun 2016 05:54:07 GMT" time="6.036" errors="0">
  <testcase name="test" time="6.036" classname="june22_parameters.CaptureScreenShotUsingWebDriver"/>
</testsuite> <!-- june22_parameters.CaptureScreenShotUsingWebDriver -->
